<?xml version="1.0" encoding="UTF-8"?>
<!-- Generated by org.testng.reporters.JUnitXMLReporter -->
<testsuite ignored="3" hostname="chaitanya-pc" failures="0" tests="0" time="0.015" errors="0" timestamp="2022-09-23T12:35:43 GMT-04:00">
  <testcase classname="com.automation.Testcases.BookFlight" name="loginFail" time="0.0">
    <ignored/>
  </testcase> <!-- loginFail -->
  <testcase classname="com.automation.Testcases.BookFlight" name="login" time="0.0">
    <ignored/>
  </testcase> <!-- login -->
  <testcase classname="com.automation.pages.BaseClass" name="@BeforeSuite setUpData" time="0.0">
    <ignored/>
  </testcase> <!-- @BeforeSuite setUpData -->
</testsuite>
