<?xml version="1.0" encoding="UTF-8"?>
<testng-results ignored="0" total="1" passed="1" failed="0" skipped="0">
  <reporter-output>
  </reporter-output>
  <suite started-at="2022-09-28T21:35:45 GMT-04:00" name="Suite" finished-at="2022-09-28T21:35:56 GMT-04:00" duration-ms="10833">
    <groups>
    </groups>
    <test started-at="2022-09-28T21:35:45 GMT-04:00" name="BookFlight" finished-at="2022-09-28T21:35:56 GMT-04:00" duration-ms="10833">
      <class name="com.automation.Testcases.BookFlight">
        <test-method is-config="true" signature="setUpBrowser(java.lang.String)[pri:0, instance:com.automation.Testcases.BookFlight@42e99e4a]" started-at="2022-09-28T21:35:45 GMT-04:00" name="setUpBrowser" finished-at="2022-09-28T21:35:53 GMT-04:00" duration-ms="8131" status="PASS">
          <params>
            <param index="0">
              <value>
                <![CDATA[chrome]]>
              </value>
            </param>
          </params>
          <reporter-output>
          </reporter-output>
        </test-method> <!-- setUpBrowser -->
        <test-method signature="enterOriginDetails()[pri:0, instance:com.automation.Testcases.BookFlight@42e99e4a]" started-at="2022-09-28T21:35:53 GMT-04:00" name="enterOriginDetails" finished-at="2022-09-28T21:35:54 GMT-04:00" duration-ms="550" status="PASS">
          <reporter-output>
          </reporter-output>
        </test-method> <!-- enterOriginDetails -->
        <test-method is-config="true" signature="captureScreenshotOnFailure(org.testng.ITestResult)[pri:0, instance:com.automation.Testcases.BookFlight@42e99e4a]" started-at="2022-09-28T21:35:54 GMT-04:00" name="captureScreenshotOnFailure" finished-at="2022-09-28T21:35:54 GMT-04:00" duration-ms="288" status="PASS">
          <params>
            <param index="0">
              <value>
                <![CDATA[[TestResult name=enterOriginDetails status=SUCCESS method=BookFlight.enterOriginDetails()[pri:0, instance:com.automation.Testcases.BookFlight@42e99e4a] output={null}]]]>
              </value>
            </param>
          </params>
          <reporter-output>
          </reporter-output>
        </test-method> <!-- captureScreenshotOnFailure -->
        <test-method is-config="true" signature="closeAllDrivers()[pri:0, instance:com.automation.Testcases.BookFlight@42e99e4a]" started-at="2022-09-28T21:35:54 GMT-04:00" name="closeAllDrivers" finished-at="2022-09-28T21:35:56 GMT-04:00" duration-ms="1816" status="PASS">
          <reporter-output>
          </reporter-output>
        </test-method> <!-- closeAllDrivers -->
      </class> <!-- com.automation.Testcases.BookFlight -->
    </test> <!-- BookFlight -->
  </suite> <!-- Suite -->
</testng-results>
